Couldn't find the python module "jellyfish" which is used for fast string comparison. Falling back to pure python function.
Tree terminated with 0 leaves, 700 desired, trying again
Tree terminated with 0 leaves, 700 desired, trying again
Tree terminated with 0 leaves, 700 desired, trying again
Tree terminated with 0 leaves, 700 desired, trying again
Tree contains 44 leaves with stop codons, out of 990 total at last time point.
Repeated observed sequences in collapsed tree. 4 sequences were found repeated., trying again
Tree contains 32 leaves with stop codons, out of 803 total at last time point.
Repeated observed sequences in collapsed tree. 5 sequences were found repeated., trying again
Tree contains 14 leaves with stop codons, out of 749 total at last time point.
Repeated observed sequences in collapsed tree. 6 sequences were found repeated., trying again
Tree contains 17 leaves with stop codons, out of 789 total at last time point.
Repeated observed sequences in collapsed tree. 1 sequences were found repeated., trying again
Tree contains 21 leaves with stop codons, out of 776 total at last time point.
Repeated observed sequences in collapsed tree. 5 sequences were found repeated., trying again
Tree terminated with 0 leaves, 700 desired, trying again
Tree contains 47 leaves with stop codons, out of 888 total at last time point.
Repeated observed sequences in collapsed tree. 11 sequences were found repeated., trying again
Tree terminated with 0 leaves, 700 desired, trying again
Tree contains 119 leaves with stop codons, out of 883 total at last time point.
Repeated observed sequences in collapsed tree. 3 sequences were found repeated., trying again
Tree terminated with 0 leaves, 700 desired, trying again
Tree contains 17 leaves with stop codons, out of 698 total at last time point.
Repeated observed sequences in collapsed tree. 3 sequences were found repeated., trying again
Tree terminated with 0 leaves, 700 desired, trying again
Tree terminated with 0 leaves, 700 desired, trying again
Tree contains 4 leaves with stop codons, out of 699 total at last time point.
Repeated observed sequences in collapsed tree. 2 sequences were found repeated., trying again
Tree terminated with 0 leaves, 700 desired, trying again
Tree contains 74 leaves with stop codons, out of 930 total at last time point.
Repeated observed sequences in collapsed tree. 5 sequences were found repeated., trying again
Tree terminated with 0 leaves, 700 desired, trying again
Tree contains 27 leaves with stop codons, out of 723 total at last time point.
Repeated observed sequences in collapsed tree. 3 sequences were found repeated., trying again
Tree terminated with 0 leaves, 700 desired, trying again
Tree contains 9 leaves with stop codons, out of 940 total at last time point.
Repeated observed sequences in collapsed tree. 1 sequences were found repeated., trying again
Tree contains 48 leaves with stop codons, out of 731 total at last time point.
Repeated observed sequences in collapsed tree. 3 sequences were found repeated., trying again
Tree terminated with 0 leaves, 700 desired, trying again
Tree contains 53 leaves with stop codons, out of 771 total at last time point.
700 simulated observed sequences
