This file contains any messages produced by compilers while
running configure, to aid debugging if configure makes a mistake.

It was created by pear configure 0.9.10, which was
generated by GNU Autoconf 2.69.  Invocation command line was

  $ ./configure 

## --------- ##
## Platform. ##
## --------- ##

hostname = DAVI-PC
uname -m = x86_64
uname -r = 4.13.0-46-generic
uname -s = Linux
uname -v = #51-Ubuntu SMP Tue Jun 12 12:36:29 UTC 2018

/usr/bin/uname -p = unknown
/bin/uname -X     = unknown

/bin/arch              = unknown
/usr/bin/arch -k       = unknown
/usr/convex/getsysinfo = unknown
/usr/bin/hostinfo      = unknown
/bin/machine           = unknown
/usr/bin/oslevel       = unknown
/bin/universe          = unknown

PATH: /home/davi/perl5/perlbrew/bin
PATH: /home/davi/perl5/perlbrew/perls/perl-5.20.1/bin
PATH: /usr/local/sbin
PATH: /usr/local/bin
PATH: /usr/sbin
PATH: /usr/bin
PATH: /sbin
PATH: /bin
PATH: /usr/games
PATH: /usr/local/games
PATH: /snap/bin


## ----------- ##
## Core tests. ##
## ----------- ##

configure:2319: checking for a BSD-compatible install
configure:2387: result: /usr/bin/install -c
configure:2398: checking whether build environment is sane
configure:2453: result: yes
configure:2604: checking for a thread-safe mkdir -p
configure:2643: result: /bin/mkdir -p
configure:2650: checking for gawk
configure:2666: found /usr/bin/gawk
configure:2677: result: gawk
configure:2688: checking whether make sets $(MAKE)
configure:2710: result: yes
configure:2739: checking whether make supports nested variables
configure:2756: result: yes
configure:2939: checking for gcc
configure:2955: found /usr/bin/gcc
configure:2966: result: gcc
configure:3195: checking for C compiler version
configure:3204: gcc --version >&5
gcc (Ubuntu 7.2.0-8ubuntu3.2) 7.2.0
Copyright (C) 2017 Free Software Foundation, Inc.
This is free software; see the source for copying conditions.  There is NO
warranty; not even for MERCHANTABILITY or FITNESS FOR A PARTICULAR PURPOSE.

configure:3215: $? = 0
configure:3204: gcc -v >&5
Using built-in specs.
COLLECT_GCC=gcc
COLLECT_LTO_WRAPPER=/usr/lib/gcc/x86_64-linux-gnu/7/lto-wrapper
OFFLOAD_TARGET_NAMES=nvptx-none
OFFLOAD_TARGET_DEFAULT=1
Target: x86_64-linux-gnu
Configured with: ../src/configure -v --with-pkgversion='Ubuntu 7.2.0-8ubuntu3.2' --with-bugurl=file:///usr/share/doc/gcc-7/README.Bugs --enable-languages=c,ada,c++,go,brig,d,fortran,objc,obj-c++ --prefix=/usr --with-gcc-major-version-only --program-suffix=-7 --program-prefix=x86_64-linux-gnu- --enable-shared --enable-linker-build-id --libexecdir=/usr/lib --without-included-gettext --enable-threads=posix --libdir=/usr/lib --enable-nls --with-sysroot=/ --enable-clocale=gnu --enable-libstdcxx-debug --enable-libstdcxx-time=yes --with-default-libstdcxx-abi=new --enable-gnu-unique-object --disable-vtable-verify --enable-libmpx --enable-plugin --enable-default-pie --with-system-zlib --with-target-system-zlib --enable-objc-gc=auto --enable-multiarch --disable-werror --with-arch-32=i686 --with-abi=m64 --with-multilib-list=m32,m64,mx32 --enable-multilib --with-tune=generic --enable-offload-targets=nvptx-none --without-cuda-driver --enable-checking=release --build=x86_64-linux-gnu --host=x86_64-linux-gnu --target=x86_64-linux-gnu
Thread model: posix
gcc version 7.2.0 (Ubuntu 7.2.0-8ubuntu3.2) 
configure:3215: $? = 0
configure:3204: gcc -V >&5
gcc: error: unrecognized command line option '-V'
gcc: fatal error: no input files
compilation terminated.
configure:3215: $? = 1
configure:3204: gcc -qversion >&5
gcc: error: unrecognized command line option '-qversion'; did you mean '--version'?
gcc: fatal error: no input files
compilation terminated.
configure:3215: $? = 1
configure:3235: checking whether the C compiler works
configure:3257: gcc -O3   conftest.c  >&5
configure:3261: $? = 0
configure:3309: result: yes
configure:3312: checking for C compiler default output file name
configure:3314: result: a.out
configure:3320: checking for suffix of executables
configure:3327: gcc -o conftest -O3   conftest.c  >&5
configure:3331: $? = 0
configure:3353: result: 
configure:3375: checking whether we are cross compiling
configure:3383: gcc -o conftest -O3   conftest.c  >&5
configure:3387: $? = 0
configure:3394: ./conftest
configure:3398: $? = 0
configure:3413: result: no
configure:3418: checking for suffix of object files
configure:3440: gcc -c -O3  conftest.c >&5
configure:3444: $? = 0
configure:3465: result: o
configure:3469: checking whether we are using the GNU C compiler
configure:3488: gcc -c -O3  conftest.c >&5
configure:3488: $? = 0
configure:3497: result: yes
configure:3506: checking whether gcc accepts -g
configure:3526: gcc -c -g  conftest.c >&5
configure:3526: $? = 0
configure:3567: result: yes
configure:3584: checking for gcc option to accept ISO C89
configure:3647: gcc  -c -O3  conftest.c >&5
configure:3647: $? = 0
configure:3660: result: none needed
configure:3685: checking whether gcc understands -c and -o together
configure:3707: gcc -c conftest.c -o conftest2.o
configure:3710: $? = 0
configure:3707: gcc -c conftest.c -o conftest2.o
configure:3710: $? = 0
configure:3722: result: yes
configure:3750: checking for style of include used by make
configure:3778: result: GNU
configure:3804: checking dependency style of gcc
configure:3915: result: gcc3
configure:3935: checking for log in -lm
configure:3960: gcc -o conftest -O3   conftest.c -lm   >&5
conftest.c:18:6: warning: conflicting types for built-in function 'log' [-Wbuiltin-declaration-mismatch]
 char log ();
      ^~~
configure:3960: $? = 0
configure:3969: result: yes
configure:3981: checking for main in -lpthread
configure:4000: gcc -o conftest -O3   conftest.c -lpthread  -lm  >&5
configure:4000: $? = 0
configure:4009: result: yes
configure:4027: checking how to run the C preprocessor
configure:4058: gcc -E  conftest.c
configure:4058: $? = 0
configure:4072: gcc -E  conftest.c
conftest.c:13:10: fatal error: ac_nonexistent.h: No such file or directory
 #include <ac_nonexistent.h>
          ^~~~~~~~~~~~~~~~~~
compilation terminated.
configure:4072: $? = 1
configure: failed program was:
| /* confdefs.h */
| #define PACKAGE_NAME "pear"
| #define PACKAGE_TARNAME "pear"
| #define PACKAGE_VERSION "0.9.10"
| #define PACKAGE_STRING "pear 0.9.10"
| #define PACKAGE_BUGREPORT "Tomas.Flouri@h-its.org"
| #define PACKAGE_URL ""
| #define PACKAGE "pear"
| #define VERSION "0.9.10"
| #define HAVE_LIBM 1
| #define HAVE_LIBPTHREAD 1
| /* end confdefs.h.  */
| #include <ac_nonexistent.h>
configure:4097: result: gcc -E
configure:4117: gcc -E  conftest.c
configure:4117: $? = 0
configure:4131: gcc -E  conftest.c
conftest.c:13:10: fatal error: ac_nonexistent.h: No such file or directory
 #include <ac_nonexistent.h>
          ^~~~~~~~~~~~~~~~~~
compilation terminated.
configure:4131: $? = 1
configure: failed program was:
| /* confdefs.h */
| #define PACKAGE_NAME "pear"
| #define PACKAGE_TARNAME "pear"
| #define PACKAGE_VERSION "0.9.10"
| #define PACKAGE_STRING "pear 0.9.10"
| #define PACKAGE_BUGREPORT "Tomas.Flouri@h-its.org"
| #define PACKAGE_URL ""
| #define PACKAGE "pear"
| #define VERSION "0.9.10"
| #define HAVE_LIBM 1
| #define HAVE_LIBPTHREAD 1
| /* end confdefs.h.  */
| #include <ac_nonexistent.h>
configure:4160: checking for grep that handles long lines and -e
configure:4218: result: /bin/grep
configure:4223: checking for egrep
configure:4285: result: /bin/grep -E
configure:4290: checking for ANSI C header files
configure:4310: gcc -c -O3  conftest.c >&5
configure:4310: $? = 0
configure:4383: gcc -o conftest -O3   conftest.c -lpthread -lm  >&5
configure:4383: $? = 0
configure:4383: ./conftest
configure:4383: $? = 0
configure:4394: result: yes
configure:4407: checking for sys/types.h
configure:4407: gcc -c -O3  conftest.c >&5
configure:4407: $? = 0
configure:4407: result: yes
configure:4407: checking for sys/stat.h
configure:4407: gcc -c -O3  conftest.c >&5
configure:4407: $? = 0
configure:4407: result: yes
configure:4407: checking for stdlib.h
configure:4407: gcc -c -O3  conftest.c >&5
configure:4407: $? = 0
configure:4407: result: yes
configure:4407: checking for string.h
configure:4407: gcc -c -O3  conftest.c >&5
configure:4407: $? = 0
configure:4407: result: yes
configure:4407: checking for memory.h
configure:4407: gcc -c -O3  conftest.c >&5
configure:4407: $? = 0
configure:4407: result: yes
configure:4407: checking for strings.h
configure:4407: gcc -c -O3  conftest.c >&5
configure:4407: $? = 0
configure:4407: result: yes
configure:4407: checking for inttypes.h
configure:4407: gcc -c -O3  conftest.c >&5
configure:4407: $? = 0
configure:4407: result: yes
configure:4407: checking for stdint.h
configure:4407: gcc -c -O3  conftest.c >&5
configure:4407: $? = 0
configure:4407: result: yes
configure:4407: checking for unistd.h
configure:4407: gcc -c -O3  conftest.c >&5
configure:4407: $? = 0
configure:4407: result: yes
configure:4422: checking for stdint.h
configure:4422: result: yes
configure:4422: checking for stdlib.h
configure:4422: result: yes
configure:4422: checking for string.h
configure:4422: result: yes
configure:4434: checking for inline
configure:4450: gcc -c -O3  conftest.c >&5
configure:4450: $? = 0
configure:4458: result: inline
configure:4476: checking for size_t
configure:4476: gcc -c -O3  conftest.c >&5
configure:4476: $? = 0
configure:4476: gcc -c -O3  conftest.c >&5
conftest.c: In function 'main':
conftest.c:62:21: error: expected expression before ')' token
 if (sizeof ((size_t)))
                     ^
configure:4476: $? = 1
configure: failed program was:
| /* confdefs.h */
| #define PACKAGE_NAME "pear"
| #define PACKAGE_TARNAME "pear"
| #define PACKAGE_VERSION "0.9.10"
| #define PACKAGE_STRING "pear 0.9.10"
| #define PACKAGE_BUGREPORT "Tomas.Flouri@h-its.org"
| #define PACKAGE_URL ""
| #define PACKAGE "pear"
| #define VERSION "0.9.10"
| #define HAVE_LIBM 1
| #define HAVE_LIBPTHREAD 1
| #define STDC_HEADERS 1
| #define HAVE_SYS_TYPES_H 1
| #define HAVE_SYS_STAT_H 1
| #define HAVE_STDLIB_H 1
| #define HAVE_STRING_H 1
| #define HAVE_MEMORY_H 1
| #define HAVE_STRINGS_H 1
| #define HAVE_INTTYPES_H 1
| #define HAVE_STDINT_H 1
| #define HAVE_UNISTD_H 1
| #define HAVE_STDINT_H 1
| #define HAVE_STDLIB_H 1
| #define HAVE_STRING_H 1
| /* end confdefs.h.  */
| #include <stdio.h>
| #ifdef HAVE_SYS_TYPES_H
| # include <sys/types.h>
| #endif
| #ifdef HAVE_SYS_STAT_H
| # include <sys/stat.h>
| #endif
| #ifdef STDC_HEADERS
| # include <stdlib.h>
| # include <stddef.h>
| #else
| # ifdef HAVE_STDLIB_H
| #  include <stdlib.h>
| # endif
| #endif
| #ifdef HAVE_STRING_H
| # if !defined STDC_HEADERS && defined HAVE_MEMORY_H
| #  include <memory.h>
| # endif
| # include <string.h>
| #endif
| #ifdef HAVE_STRINGS_H
| # include <strings.h>
| #endif
| #ifdef HAVE_INTTYPES_H
| # include <inttypes.h>
| #endif
| #ifdef HAVE_STDINT_H
| # include <stdint.h>
| #endif
| #ifdef HAVE_UNISTD_H
| # include <unistd.h>
| #endif
| int
| main ()
| {
| if (sizeof ((size_t)))
| 	    return 0;
|   ;
|   return 0;
| }
configure:4476: result: yes
configure:4487: checking for uint32_t
configure:4487: gcc -c -O3  conftest.c >&5
configure:4487: $? = 0
configure:4487: result: yes
configure:4505: checking for stdlib.h
configure:4505: result: yes
configure:4515: checking for GNU libc compatible malloc
configure:4539: gcc -o conftest -O3   conftest.c -lpthread -lm  >&5
configure:4539: $? = 0
configure:4539: ./conftest
configure:4539: $? = 0
configure:4549: result: yes
configure:4570: checking for working strtod
configure:4611: gcc -o conftest -O3   conftest.c -lpthread -lm  >&5
configure:4611: $? = 0
configure:4611: ./conftest
configure:4611: $? = 0
configure:4621: result: yes
configure:4686: checking for memmove
configure:4686: gcc -o conftest -O3   conftest.c -lpthread -lm  >&5
conftest.c:51:6: warning: conflicting types for built-in function 'memmove' [-Wbuiltin-declaration-mismatch]
 char memmove ();
      ^~~~~~~
configure:4686: $? = 0
configure:4686: result: yes
configure:4686: checking for pow
configure:4686: gcc -o conftest -O3   conftest.c -lpthread -lm  >&5
conftest.c:52:6: warning: conflicting types for built-in function 'pow' [-Wbuiltin-declaration-mismatch]
 char pow ();
      ^~~
configure:4686: $? = 0
configure:4686: result: yes
configure:4686: checking for strtol
configure:4686: gcc -o conftest -O3   conftest.c -lpthread -lm  >&5
configure:4686: $? = 0
configure:4686: result: yes
configure:4700: checking for library containing pthread_create
configure:4731: gcc -o conftest -O3   conftest.c -lpthread -lm  >&5
configure:4731: $? = 0
configure:4748: result: none required
configure:4764: checking for library containing BZ2_bzCompress
configure:4795: gcc -o conftest -O3   conftest.c -lpthread -lm  >&5
/tmp/cc6r3p0k.o: In function `main':
conftest.c:(.text.startup+0x7): undefined reference to `BZ2_bzCompress'
collect2: error: ld returned 1 exit status
configure:4795: $? = 1
configure: failed program was:
| /* confdefs.h */
| #define PACKAGE_NAME "pear"
| #define PACKAGE_TARNAME "pear"
| #define PACKAGE_VERSION "0.9.10"
| #define PACKAGE_STRING "pear 0.9.10"
| #define PACKAGE_BUGREPORT "Tomas.Flouri@h-its.org"
| #define PACKAGE_URL ""
| #define PACKAGE "pear"
| #define VERSION "0.9.10"
| #define HAVE_LIBM 1
| #define HAVE_LIBPTHREAD 1
| #define STDC_HEADERS 1
| #define HAVE_SYS_TYPES_H 1
| #define HAVE_SYS_STAT_H 1
| #define HAVE_STDLIB_H 1
| #define HAVE_STRING_H 1
| #define HAVE_MEMORY_H 1
| #define HAVE_STRINGS_H 1
| #define HAVE_INTTYPES_H 1
| #define HAVE_STDINT_H 1
| #define HAVE_UNISTD_H 1
| #define HAVE_STDINT_H 1
| #define HAVE_STDLIB_H 1
| #define HAVE_STRING_H 1
| #define HAVE_STDLIB_H 1
| #define HAVE_MALLOC 1
| #define HAVE_MEMMOVE 1
| #define HAVE_POW 1
| #define HAVE_STRTOL 1
| /* end confdefs.h.  */
| 
| /* Override any GCC internal prototype to avoid an error.
|    Use char because int might match the return type of a GCC
|    builtin and then its argument prototype would still apply.  */
| #ifdef __cplusplus
| extern "C"
| #endif
| char BZ2_bzCompress ();
| int
| main ()
| {
| return BZ2_bzCompress ();
|   ;
|   return 0;
| }
configure:4795: gcc -o conftest -O3   conftest.c -lbz2  -lpthread -lm  >&5
configure:4795: $? = 0
configure:4812: result: -lbz2
configure:4830: checking for library containing zlibVersion
configure:4861: gcc -o conftest -O3   conftest.c -lbz2 -lpthread -lm  >&5
/tmp/ccM8Dqvp.o: In function `main':
conftest.c:(.text.startup+0x7): undefined reference to `zlibVersion'
collect2: error: ld returned 1 exit status
configure:4861: $? = 1
configure: failed program was:
| /* confdefs.h */
| #define PACKAGE_NAME "pear"
| #define PACKAGE_TARNAME "pear"
| #define PACKAGE_VERSION "0.9.10"
| #define PACKAGE_STRING "pear 0.9.10"
| #define PACKAGE_BUGREPORT "Tomas.Flouri@h-its.org"
| #define PACKAGE_URL ""
| #define PACKAGE "pear"
| #define VERSION "0.9.10"
| #define HAVE_LIBM 1
| #define HAVE_LIBPTHREAD 1
| #define STDC_HEADERS 1
| #define HAVE_SYS_TYPES_H 1
| #define HAVE_SYS_STAT_H 1
| #define HAVE_STDLIB_H 1
| #define HAVE_STRING_H 1
| #define HAVE_MEMORY_H 1
| #define HAVE_STRINGS_H 1
| #define HAVE_INTTYPES_H 1
| #define HAVE_STDINT_H 1
| #define HAVE_UNISTD_H 1
| #define HAVE_STDINT_H 1
| #define HAVE_STDLIB_H 1
| #define HAVE_STRING_H 1
| #define HAVE_STDLIB_H 1
| #define HAVE_MALLOC 1
| #define HAVE_MEMMOVE 1
| #define HAVE_POW 1
| #define HAVE_STRTOL 1
| /* end confdefs.h.  */
| 
| /* Override any GCC internal prototype to avoid an error.
|    Use char because int might match the return type of a GCC
|    builtin and then its argument prototype would still apply.  */
| #ifdef __cplusplus
| extern "C"
| #endif
| char zlibVersion ();
| int
| main ()
| {
| return zlibVersion ();
|   ;
|   return 0;
| }
configure:4861: gcc -o conftest -O3   conftest.c -lz  -lbz2 -lpthread -lm  >&5
configure:4861: $? = 0
configure:4878: result: -lz
configure:4892: checking pthread.h usability
configure:4892: gcc -c -O3  conftest.c >&5
configure:4892: $? = 0
configure:4892: result: yes
configure:4892: checking pthread.h presence
configure:4892: gcc -E  conftest.c
configure:4892: $? = 0
configure:4892: result: yes
configure:4892: checking for pthread.h
configure:4892: result: yes
configure:4909: checking bzlib.h usability
configure:4909: gcc -c -O3  conftest.c >&5
configure:4909: $? = 0
configure:4909: result: yes
configure:4909: checking bzlib.h presence
configure:4909: gcc -E  conftest.c
configure:4909: $? = 0
configure:4909: result: yes
configure:4909: checking for bzlib.h
configure:4909: result: yes
configure:4926: checking zlib.h usability
configure:4926: gcc -c -O3  conftest.c >&5
configure:4926: $? = 0
configure:4926: result: yes
configure:4926: checking zlib.h presence
configure:4926: gcc -E  conftest.c
configure:4926: $? = 0
configure:4926: result: yes
configure:4926: checking for zlib.h
configure:4926: result: yes
configure:5078: checking that generated files are newer than configure
configure:5084: result: done
configure:5119: creating ./config.status

## ---------------------- ##
## Running config.status. ##
## ---------------------- ##

This file was extended by pear config.status 0.9.10, which was
generated by GNU Autoconf 2.69.  Invocation command line was

  CONFIG_FILES    = 
  CONFIG_HEADERS  = 
  CONFIG_LINKS    = 
  CONFIG_COMMANDS = 
  $ ./config.status 

on DAVI-PC

config.status:875: creating Makefile
config.status:875: creating src/Makefile
config.status:875: creating man/Makefile
config.status:875: creating src/config.h
config.status:1056: src/config.h is unchanged
config.status:1104: executing depfiles commands

## ---------------- ##
## Cache variables. ##
## ---------------- ##

ac_cv_c_compiler_gnu=yes
ac_cv_c_inline=inline
ac_cv_c_uint32_t=yes
ac_cv_env_CC_set=
ac_cv_env_CC_value=
ac_cv_env_CFLAGS_set=
ac_cv_env_CFLAGS_value=
ac_cv_env_CPPFLAGS_set=
ac_cv_env_CPPFLAGS_value=
ac_cv_env_CPP_set=
ac_cv_env_CPP_value=
ac_cv_env_LDFLAGS_set=
ac_cv_env_LDFLAGS_value=
ac_cv_env_LIBS_set=
ac_cv_env_LIBS_value=
ac_cv_env_build_alias_set=
ac_cv_env_build_alias_value=
ac_cv_env_host_alias_set=
ac_cv_env_host_alias_value=
ac_cv_env_target_alias_set=
ac_cv_env_target_alias_value=
ac_cv_func_malloc_0_nonnull=yes
ac_cv_func_memmove=yes
ac_cv_func_pow=yes
ac_cv_func_strtod=yes
ac_cv_func_strtol=yes
ac_cv_header_bzlib_h=yes
ac_cv_header_inttypes_h=yes
ac_cv_header_memory_h=yes
ac_cv_header_pthread_h=yes
ac_cv_header_stdc=yes
ac_cv_header_stdint_h=yes
ac_cv_header_stdlib_h=yes
ac_cv_header_string_h=yes
ac_cv_header_strings_h=yes
ac_cv_header_sys_stat_h=yes
ac_cv_header_sys_types_h=yes
ac_cv_header_unistd_h=yes
ac_cv_header_zlib_h=yes
ac_cv_lib_m_log=yes
ac_cv_lib_pthread_main=yes
ac_cv_objext=o
ac_cv_path_EGREP='/bin/grep -E'
ac_cv_path_GREP=/bin/grep
ac_cv_path_install='/usr/bin/install -c'
ac_cv_path_mkdir=/bin/mkdir
ac_cv_prog_AWK=gawk
ac_cv_prog_CPP='gcc -E'
ac_cv_prog_ac_ct_CC=gcc
ac_cv_prog_cc_c89=
ac_cv_prog_cc_g=yes
ac_cv_prog_make_make_set=yes
ac_cv_search_BZ2_bzCompress=-lbz2
ac_cv_search_pthread_create='none required'
ac_cv_search_zlibVersion=-lz
ac_cv_type_size_t=yes
am_cv_CC_dependencies_compiler_type=gcc3
am_cv_make_support_nested_variables=yes
am_cv_prog_cc_c_o=yes

## ----------------- ##
## Output variables. ##
## ----------------- ##

ACLOCAL='${SHELL} /home/davi/Bureau/Fastq_PSL/PEAR-master/missing aclocal-1.15'
AMDEPBACKSLASH='\'
AMDEP_FALSE='#'
AMDEP_TRUE=''
AMTAR='$${TAR-tar}'
AM_BACKSLASH='\'
AM_DEFAULT_V='$(AM_DEFAULT_VERBOSITY)'
AM_DEFAULT_VERBOSITY='1'
AM_V='$(V)'
AUTOCONF='${SHELL} /home/davi/Bureau/Fastq_PSL/PEAR-master/missing autoconf'
AUTOHEADER='${SHELL} /home/davi/Bureau/Fastq_PSL/PEAR-master/missing autoheader'
AUTOMAKE='${SHELL} /home/davi/Bureau/Fastq_PSL/PEAR-master/missing automake-1.15'
AWK='gawk'
CC='gcc'
CCDEPMODE='depmode=gcc3'
CFLAGS='-O3'
CPP='gcc -E'
CPPFLAGS=''
CYGPATH_W='echo'
DEFS='-DHAVE_CONFIG_H'
DEPDIR='.deps'
ECHO_C=''
ECHO_N='-n'
ECHO_T=''
EGREP='/bin/grep -E'
EXEEXT=''
GREP='/bin/grep'
HAVE_BZLIB_FALSE='#'
HAVE_BZLIB_TRUE=''
HAVE_PTHREADS_FALSE='#'
HAVE_PTHREADS_TRUE=''
HAVE_ZLIB_FALSE='#'
HAVE_ZLIB_TRUE=''
INSTALL_DATA='${INSTALL} -m 644'
INSTALL_PROGRAM='${INSTALL}'
INSTALL_SCRIPT='${INSTALL}'
INSTALL_STRIP_PROGRAM='$(install_sh) -c -s'
LDFLAGS=''
LIBOBJS=''
LIBS='-lz -lbz2 -lpthread -lm '
LTLIBOBJS=''
MAKEINFO='${SHELL} /home/davi/Bureau/Fastq_PSL/PEAR-master/missing makeinfo'
MKDIR_P='/bin/mkdir -p'
OBJEXT='o'
PACKAGE='pear'
PACKAGE_BUGREPORT='Tomas.Flouri@h-its.org'
PACKAGE_NAME='pear'
PACKAGE_STRING='pear 0.9.10'
PACKAGE_TARNAME='pear'
PACKAGE_URL=''
PACKAGE_VERSION='0.9.10'
PATH_SEPARATOR=':'
POW_LIB=''
SET_MAKE=''
SHELL='/bin/sh'
STRIP=''
VERSION='0.9.10'
ac_ct_CC='gcc'
am__EXEEXT_FALSE=''
am__EXEEXT_TRUE='#'
am__fastdepCC_FALSE='#'
am__fastdepCC_TRUE=''
am__include='include'
am__isrc=''
am__leading_dot='.'
am__nodep='_no'
am__quote=''
am__tar='$${TAR-tar} chof - "$$tardir"'
am__untar='$${TAR-tar} xf -'
bindir='${exec_prefix}/bin'
build_alias=''
datadir='${datarootdir}'
datarootdir='${prefix}/share'
docdir='${datarootdir}/doc/${PACKAGE_TARNAME}'
dvidir='${docdir}'
exec_prefix='${prefix}'
host_alias=''
htmldir='${docdir}'
includedir='${prefix}/include'
infodir='${datarootdir}/info'
install_sh='${SHELL} /home/davi/Bureau/Fastq_PSL/PEAR-master/install-sh'
libdir='${exec_prefix}/lib'
libexecdir='${exec_prefix}/libexec'
localedir='${datarootdir}/locale'
localstatedir='${prefix}/var'
mandir='${datarootdir}/man'
mkdir_p='$(MKDIR_P)'
oldincludedir='/usr/include'
pdfdir='${docdir}'
prefix='/usr/local'
program_transform_name='s,x,x,'
psdir='${docdir}'
runstatedir='${localstatedir}/run'
sbindir='${exec_prefix}/sbin'
sharedstatedir='${prefix}/com'
sysconfdir='${prefix}/etc'
target_alias=''

## ----------- ##
## confdefs.h. ##
## ----------- ##

/* confdefs.h */
#define PACKAGE_NAME "pear"
#define PACKAGE_TARNAME "pear"
#define PACKAGE_VERSION "0.9.10"
#define PACKAGE_STRING "pear 0.9.10"
#define PACKAGE_BUGREPORT "Tomas.Flouri@h-its.org"
#define PACKAGE_URL ""
#define PACKAGE "pear"
#define VERSION "0.9.10"
#define HAVE_LIBM 1
#define HAVE_LIBPTHREAD 1
#define STDC_HEADERS 1
#define HAVE_SYS_TYPES_H 1
#define HAVE_SYS_STAT_H 1
#define HAVE_STDLIB_H 1
#define HAVE_STRING_H 1
#define HAVE_MEMORY_H 1
#define HAVE_STRINGS_H 1
#define HAVE_INTTYPES_H 1
#define HAVE_STDINT_H 1
#define HAVE_UNISTD_H 1
#define HAVE_STDINT_H 1
#define HAVE_STDLIB_H 1
#define HAVE_STRING_H 1
#define HAVE_STDLIB_H 1
#define HAVE_MALLOC 1
#define HAVE_MEMMOVE 1
#define HAVE_POW 1
#define HAVE_STRTOL 1
#define HAVE_PTHREAD_H 1
#define HAVE_BZLIB_H 1
#define HAVE_ZLIB_H 1

configure: exit 0
