Couldn't find the python module "jellyfish" which is used for fast string comparison. Falling back to pure python function.
Tree terminated with 0 leaves, 700 desired, trying again
Tree terminated with 0 leaves, 700 desired, trying again
Tree contains 480 leaves with stop codons, out of 266 total at last time point.
Repeated observed sequences in collapsed tree. 1 sequences were found repeated., trying again
Tree contains 41 leaves with stop codons, out of 862 total at last time point.
Repeated observed sequences in collapsed tree. 5 sequences were found repeated., trying again
Tree contains 145 leaves with stop codons, out of 602 total at last time point.
Repeated observed sequences in collapsed tree. 3 sequences were found repeated., trying again
Tree contains 27 leaves with stop codons, out of 774 total at last time point.
Repeated observed sequences in collapsed tree. 4 sequences were found repeated., trying again
Tree contains 37 leaves with stop codons, out of 819 total at last time point.
Repeated observed sequences in collapsed tree. 2 sequences were found repeated., trying again
Tree contains 144 leaves with stop codons, out of 724 total at last time point.
Repeated observed sequences in collapsed tree. 2 sequences were found repeated., trying again
Tree contains 39 leaves with stop codons, out of 761 total at last time point.
Repeated observed sequences in collapsed tree. 7 sequences were found repeated., trying again
Tree terminated with 0 leaves, 700 desired, trying again
Tree contains 39 leaves with stop codons, out of 728 total at last time point.
Repeated observed sequences in collapsed tree. 5 sequences were found repeated., trying again
Tree contains 41 leaves with stop codons, out of 962 total at last time point.
Repeated observed sequences in collapsed tree. 1 sequences were found repeated., trying again
Tree terminated with 0 leaves, 700 desired, trying again
Tree terminated with 0 leaves, 700 desired, trying again
Tree contains 34 leaves with stop codons, out of 829 total at last time point.
Repeated observed sequences in collapsed tree. 8 sequences were found repeated., trying again
Tree contains 181 leaves with stop codons, out of 642 total at last time point.
Repeated observed sequences in collapsed tree. 1 sequences were found repeated., trying again
Tree contains 451 leaves with stop codons, out of 402 total at last time point.
402 simulated observed sequences
